============================================================================
FLOOR FUNCTION PAPER - VERIFICATION LOG
An Alternative Analytic Representation of the Floor Function and Related 
Discrete Operations
Author: Mohammad Rakibul Islam
Date: July 18, 2026
============================================================================

RUNNING COMPREHENSIVE TEST SUITE
=================================

────────────────────────────────────────────────────────────────────────────
TEST: g
────────────────────────────────────────────────────────────────────────────
  [✓] Case 1: g(0) = 0.0  (expected 0.0)
  [✓] Case 2: g(0.5) = 0.5  (expected 0.5)
  [✓] Case 3: g(1.0) = 1.0  (expected 1.0)
  [✓] Case 4: g(1.5) = 0.5000000000000001  (expected 0.5)
  [✓] Case 5: g(2.0) = 0.0  (expected 0.0)
  [✓] Case 6: g(2.5) = 0.49999999999999994  (expected 0.5)
  [✓] Case 7: g(3.0) = 1.0  (expected 1.0)
  [✓] Case 8: g(-0.5) = 0.5  (expected 0.5)
  [✓] Case 9: g(-1.0) = 1.0  (expected 1.0)
  [✓] Case 10: g(-1.5) = 0.5000000000000001  (expected 0.5)
  Result: 10/10 passed

────────────────────────────────────────────────────────────────────────────
TEST: F (real)
────────────────────────────────────────────────────────────────────────────
  [✓] Case 1: F(real)(0) = 0  (expected 0)
  [✓] Case 2: F(real)(0.3) = 0  (expected 0)
  [✓] Case 3: F(real)(0.5) = 0  (expected 0)
  [✓] Case 4: F(real)(0.7) = 0  (expected 0)
  [✓] Case 5: F(real)(0.99) = 0  (expected 0)
  [✓] Case 6: F(real)(1.0) = 1  (expected 1)
  [✓] Case 7: F(real)(1.1) = 1  (expected 1)
  [✓] Case 8: F(real)(1.5) = 1  (expected 1)
  [✓] Case 9: F(real)(1.99) = 1  (expected 1)
  [✓] Case 10: F(real)(2.0) = 2  (expected 2)
  [✓] Case 11: F(real)(2.5) = 2  (expected 2)
  [✓] Case 12: F(real)(3.7) = 3  (expected 3)
  [✓] Case 13: F(real)(-0.3) = -1  (expected -1)
  [✓] Case 14: F(real)(-0.5) = -1  (expected -1)
  [✓] Case 15: F(real)(-1.0) = -1  (expected -1)
  [✓] Case 16: F(real)(-1.5) = -2  (expected -2)
  [✓] Case 17: F(real)(-2.7) = -3  (expected -3)
  [✓] Case 18: F(real)(10.9) = 10  (expected 10)
  [✓] Case 19: F(real)(-3.14) = -4  (expected -4)
  [✓] Case 20: F(real)(100.01) = 100  (expected 100)
  Result: 20/20 passed

────────────────────────────────────────────────────────────────────────────
TEST: F (complex)
────────────────────────────────────────────────────────────────────────────
  [✓] Case 1: F(complex)((1+1j)) = 1  (expected 1)
  [✓] Case 2: F(complex)((1-1j)) = (1-2j)  (expected (1-2j))
  [✓] Case 3: F(complex)((1+1.2j)) = 1  (expected 1)
  [✓] Case 4: F(complex)((1-1.2j)) = (1-2.4j)  (expected (1-2.4j))
  [✓] Case 5: F(complex)((3+2j)) = 3  (expected 3)
  [✓] Case 6: F(complex)((-1.7+5j)) = -2  (expected -2)
  [✓] Case 7: F(complex)((0.5-1j)) = -2j  (expected (-0-2j))
  [✓] Case 8: F(complex)((100+0.1j)) = 100  (expected 100)
  [✓] Case 9: F(complex)((2.5+3j)) = 2  (expected 2)
  [✓] Case 10: F(complex)((-2.5-1j)) = (-3-2j)  (expected (-3-2j))
  Result: 10/10 passed

────────────────────────────────────────────────────────────────────────────
TEST: ceiling
────────────────────────────────────────────────────────────────────────────
  [✓] Case 1: ceiling(0.3) = 1  (expected 1)
  [✓] Case 2: ceiling(0.5) = 1  (expected 1)
  [✓] Case 3: ceiling(1.0) = 1  (expected 1)
  [✓] Case 4: ceiling(1.1) = 2  (expected 2)
  [✓] Case 5: ceiling(1.5) = 2  (expected 2)
  [✓] Case 6: ceiling(1.99) = 2  (expected 2)
  [✓] Case 7: ceiling(2.0) = 2  (expected 2)
  [✓] Case 8: ceiling(-0.3) = 0  (expected 0)
  [✓] Case 9: ceiling(-0.5) = 0  (expected 0)
  [✓] Case 10: ceiling(-1.0) = -1  (expected -1)
  [✓] Case 11: ceiling(-1.5) = -1  (expected -1)
  [✓] Case 12: ceiling(-2.7) = -2  (expected -2)
  [✓] Case 13: ceiling(10.1) = 11  (expected 11)
  [✓] Case 14: ceiling(-3.14) = -3  (expected -3)
  Result: 14/14 passed

────────────────────────────────────────────────────────────────────────────
TEST: round
────────────────────────────────────────────────────────────────────────────
  [✓] Case 1: round(0.3) = 0  (expected 0)
  [✓] Case 2: round(0.49) = 0  (expected 0)
  [✓] Case 3: round(0.5) = 1  (expected 1)
  [✓] Case 4: round(0.7) = 1  (expected 1)
  [✓] Case 5: round(1.0) = 1  (expected 1)
  [✓] Case 6: round(1.4) = 1  (expected 1)
  [✓] Case 7: round(1.5) = 2  (expected 2)
  [✓] Case 8: round(1.6) = 2  (expected 2)
  [✓] Case 9: round(2.4) = 2  (expected 2)
  [✓] Case 10: round(2.5) = 3  (expected 3)
  [✓] Case 11: round(-0.3) = 0  (expected 0)
  [✓] Case 12: round(-0.5) = 0  (expected 0)
  [✓] Case 13: round(-1.4) = -1  (expected -1)
  [✓] Case 14: round(-1.5) = -1  (expected -1)
  [✓] Case 15: round(-1.6) = -2  (expected -2)
  Result: 15/15 passed

────────────────────────────────────────────────────────────────────────────
TEST: precision_round
────────────────────────────────────────────────────────────────────────────
  [✓] Case 1: precision_round(3.14159, 2) = 3.14  (expected 3.14)
  [✓] Case 2: precision_round(3.14159, 0) = 3.0  (expected 3.0)
  [✓] Case 3: precision_round(2.71828, 3) = 2.718  (expected 2.718)
  [✓] Case 4: precision_round(1.005, 2) = 1.01  (expected 1.01)
  [✓] Case 5: precision_round(9.999, 1) = 10.0  (expected 10.0)
  [✓] Case 6: precision_round(0.555, 1) = 0.6  (expected 0.6)
  [✓] Case 7: precision_round(123.456, 1) = 123.5  (expected 123.5)
  [✓] Case 8: precision_round(-3.14, 0) = -3.0  (expected -3.0)
  Result: 8/8 passed

────────────────────────────────────────────────────────────────────────────
TEST: modulo
────────────────────────────────────────────────────────────────────────────
  [✓] Case 1: modulo(7, 3) = 1  (expected 1)
  [✓] Case 2: modulo(10, 3) = 1  (expected 1)
  [✓] Case 3: modulo(10, 5) = 0  (expected 0)
  [✓] Case 4: modulo(15, 4) = 3  (expected 3)
  [✓] Case 5: modulo(0, 5) = 0  (expected 0)
  [✓] Case 6: modulo(100, 7) = 2  (expected 2)
  [✓] Case 7: modulo(13, 1) = 0  (expected 0)
  [✓] Case 8: modulo(17, 6) = 5  (expected 5)
  [✓] Case 9: modulo(25, 5) = 0  (expected 0)
  [✓] Case 10: modulo(33, 4) = 1  (expected 1)
  Result: 10/10 passed

────────────────────────────────────────────────────────────────────────────
TEST: delta_div
────────────────────────────────────────────────────────────────────────────
  [✓] Case 1: delta_div(6, 2) = 1  (expected 1)
  [✓] Case 2: delta_div(6, 3) = 1  (expected 1)
  [✓] Case 3: delta_div(6, 4) = 0  (expected 0)
  [✓] Case 4: delta_div(10, 5) = 1  (expected 1)
  [✓] Case 5: delta_div(10, 3) = 0  (expected 0)
  [✓] Case 6: delta_div(15, 5) = 1  (expected 1)
  [✓] Case 7: delta_div(15, 7) = 0  (expected 0)
  [✓] Case 8: delta_div(21, 7) = 1  (expected 1)
  [✓] Case 9: delta_div(21, 6) = 0  (expected 0)
  [✓] Case 10: delta_div(100, 10) = 1  (expected 1)
  Result: 10/10 passed

────────────────────────────────────────────────────────────────────────────
TEST: delta_whole
────────────────────────────────────────────────────────────────────────────
  [✓] Case 1: delta_whole(5) = 1  (expected 1)
  [✓] Case 2: delta_whole(0) = 1  (expected 1)
  [✓] Case 3: delta_whole(3.0) = 1  (expected 1)
  [✓] Case 4: delta_whole(3.5) = 0  (expected 0)
  [✓] Case 5: delta_whole(-2) = 1  (expected 1)
  [✓] Case 6: delta_whole(-2.5) = 0  (expected 0)
  [✓] Case 7: delta_whole(100) = 1  (expected 1)
  [✓] Case 8: delta_whole(99.9) = 0  (expected 0)
  [✓] Case 9: delta_whole(1.0) = 1  (expected 1)
  [✓] Case 10: delta_whole(1.01) = 0  (expected 0)
  Result: 10/10 passed

────────────────────────────────────────────────────────────────────────────
TEST: E_left
────────────────────────────────────────────────────────────────────────────
  [✓] Case 1: E_left(123456, 1, 2) = 12  (expected 12)
  [✓] Case 2: E_left(123456, 2, 2) = 34  (expected 34)
  [✓] Case 3: E_left(123456, 3, 2) = 56  (expected 56)
  [✓] Case 4: E_left(123456, 1, 3) = 123  (expected 123)
  [✓] Case 5: E_left(123456, 2, 3) = 456  (expected 456)
  [✓] Case 6: E_left(123456789, 1, 1) = 1  (expected 1)
  [✓] Case 7: E_left(123456789, 2, 1) = 2  (expected 2)
  [✓] Case 8: E_left(123456789, 3, 1) = 3  (expected 3)
  [✓] Case 9: E_left(999, 1, 1) = 9  (expected 9)
  [✓] Case 10: E_left(999, 2, 1) = 9  (expected 9)
  [✓] Case 11: E_left(9024.534, 4, 2) = 40  (expected 40)
  [✓] Case 12: E_left(9024.534, 3, 3) = 400  (expected 400)
  [✓] Case 13: E_left(9024.534, 3, 2) = 53  (expected 53)
  Result: 13/13 passed

────────────────────────────────────────────────────────────────────────────
TEST: E_right
────────────────────────────────────────────────────────────────────────────
  [✓] Case 1: E_right(123456, 1, 2) = 56  (expected 56)
  [✓] Case 2: E_right(123456, 2, 2) = 34  (expected 34)
  [✓] Case 3: E_right(123456, 3, 2) = 12  (expected 12)
  [✓] Case 4: E_right(123456, 1, 3) = 456  (expected 456)
  [✓] Case 5: E_right(123456, 2, 3) = 123  (expected 123)
  [✓] Case 6: E_right(123456789, 1, 1) = 9  (expected 9)
  [✓] Case 7: E_right(123456789, 2, 1) = 8  (expected 8)
  [✓] Case 8: E_right(123456789, 3, 1) = 7  (expected 7)
  [✓] Case 9: E_right(999, 1, 1) = 9  (expected 9)
  [✓] Case 10: E_right(999, 2, 1) = 9  (expected 9)
  [✓] Case 11: E_right(9024.534, 2, 2) = 90  (expected 90)
  [✓] Case 12: E_right(9024.534, 1, 2) = 24  (expected 24)
  Result: 12/12 passed

────────────────────────────────────────────────────────────────────────────
TEST: O (Decimal-to-Target Base)
────────────────────────────────────────────────────────────────────────────
  [✓] Case 1: O(13, 2) = 1101  (expected 1101)
  [✓] Case 2: O(13, 8) = 15  (expected 15)
  [✓] Case 3: O(10, 2) = 1010  (expected 1010)
  [✓] Case 4: O(255, 8) = 377  (expected 377)
  [✓] Case 5: O(7, 2) = 111  (expected 111)
  [✓] Case 6: O(8, 2) = 1000  (expected 1000)
  [✓] Case 7: O(1, 2) = 1  (expected 1)
  [✓] Case 8: O(63, 2) = 111111  (expected 111111)
  Result: 8/8 passed

────────────────────────────────────────────────────────────────────────────
TEST: I (Source-to-Decimal)
────────────────────────────────────────────────────────────────────────────
  [✓] Case 1: I(1101, 2) = 13  (expected 13)
  [✓] Case 2: I(15, 7) = 12  (expected 12)
  [✓] Case 3: I(534, 10) = 534  (expected 534)
  [✓] Case 4: I(1010, 3) = 30  (expected 30)
  [✓] Case 5: I(377, 8) = 255  (expected 255)
  [✓] Case 6: I(111, 2) = 7  (expected 7)
  [✓] Case 7: I(412, 5) = 107  (expected 107)
  [✓] Case 8: I(111111, 2) = 63  (expected 63)
  [✓] Case 9: I(777, 8) = 511  (expected 511)
  Result: 9/9 passed

────────────────────────────────────────────────────────────────────────────
TEST: T (Base-to-Base Conversion)
────────────────────────────────────────────────────────────────────────────
  [✓] Case 1: T(1101, 2, 8) = 15  (expected 15)
  [✓] Case 2: T(1101, 2, 10) = 13  (expected 13)
  [✓] Case 3: T(377, 8, 2) = 11111111  (expected 11111111)
  [✓] Case 4: T(15, 8, 2) = 1101  (expected 1101)
  [✓] Case 5: T(111, 2, 8) = 7  (expected 7)
  [✓] Case 6: T(1000, 2, 8) = 10  (expected 10)
  Result: 6/6 passed

────────────────────────────────────────────────────────────────────────────
TEST: E_qual (Equality Indicator)
────────────────────────────────────────────────────────────────────────────
  [✓] Case 1: E_qual(5, 5) = 1  (expected 1)
  [✓] Case 2: E_qual(5, 7) = 0  (expected 0)
  [✓] Case 3: E_qual(0, 0) = 1  (expected 1)
  [✓] Case 4: E_qual(3, 3) = 1  (expected 1)
  [✓] Case 5: E_qual(3, 3.001) = 0  (expected 0)
  [✓] Case 6: E_qual(-1, -1) = 1  (expected 1)
  [✓] Case 7: E_qual(-1, 1) = 0  (expected 0)
  [✓] Case 8: E_qual(100, 100) = 1  (expected 1)
  [✓] Case 9: E_qual(100, 101) = 0  (expected 0)
  Result: 9/9 passed

────────────────────────────────────────────────────────────────────────────
TEST: G_geq (Greater-or-Equal)
────────────────────────────────────────────────────────────────────────────
  [✓] Case 1: G_geq(5, 3) = 1  (expected 1)
  [✓] Case 2: G_geq(3, 5) = 0  (expected 0)
  [✓] Case 3: G_geq(5, 5) = 1  (expected 1)
  [✓] Case 4: G_geq(10, 7) = 1  (expected 1)
  [✓] Case 5: G_geq(7, 10) = 0  (expected 0)
  [✓] Case 6: G_geq(-1, -3) = 1  (expected 1)
  [✓] Case 7: G_geq(-3, -1) = 0  (expected 0)
  [✓] Case 8: G_geq(100, 100) = 1  (expected 1)
  Result: 8/8 passed

────────────────────────────────────────────────────────────────────────────
TEST: L_leq (Less-or-Equal)
────────────────────────────────────────────────────────────────────────────
  [✓] Case 1: L_leq(3, 5) = 1  (expected 1)
  [✓] Case 2: L_leq(5, 3) = 0  (expected 0)
  [✓] Case 3: L_leq(5, 5) = 1  (expected 1)
  [✓] Case 4: L_leq(7, 10) = 1  (expected 1)
  [✓] Case 5: L_leq(10, 7) = 0  (expected 0)
  [✓] Case 6: L_leq(-3, -1) = 1  (expected 1)
  [✓] Case 7: L_leq(-1, -3) = 0  (expected 0)
  [✓] Case 8: L_leq(100, 100) = 1  (expected 1)
  Result: 8/8 passed

────────────────────────────────────────────────────────────────────────────
TEST: G_greater (Greater Than)
────────────────────────────────────────────────────────────────────────────
  [✓] Case 1: G_greater(5, 3) = 1  (expected 1)
  [✓] Case 2: G_greater(3, 5) = 0  (expected 0)
  [✓] Case 3: G_greater(5, 5) = 0  (expected 0)
  [✓] Case 4: G_greater(10, 7) = 1  (expected 1)
  [✓] Case 5: G_greater(7, 10) = 0  (expected 0)
  [✓] Case 6: G_greater(-1, -3) = 1  (expected 1)
  [✓] Case 7: G_greater(-3, -1) = 0  (expected 0)
  Result: 7/7 passed

────────────────────────────────────────────────────────────────────────────
TEST: L_less (Less Than)
────────────────────────────────────────────────────────────────────────────
  [✓] Case 1: L_less(3, 5) = 1  (expected 1)
  [✓] Case 2: L_less(5, 3) = 0  (expected 0)
  [✓] Case 3: L_less(5, 5) = 0  (expected 0)
  [✓] Case 4: L_less(7, 10) = 1  (expected 1)
  [✓] Case 5: L_less(10, 7) = 0  (expected 0)
  [✓] Case 6: L_less(-3, -1) = 1  (expected 1)
  [✓] Case 7: L_less(-1, -3) = 0  (expected 0)
  Result: 7/7 passed

────────────────────────────────────────────────────────────────────────────
TEST: nu (Divisor Count)
────────────────────────────────────────────────────────────────────────────
  [✓] Case 1: nu(1) = 1  (expected 1)
  [✓] Case 2: nu(2) = 2  (expected 2)
  [✓] Case 3: nu(3) = 2  (expected 2)
  [✓] Case 4: nu(4) = 3  (expected 3)
  [✓] Case 5: nu(5) = 2  (expected 2)
  [✓] Case 6: nu(6) = 4  (expected 4)
  [✓] Case 7: nu(7) = 2  (expected 2)
  [✓] Case 8: nu(8) = 4  (expected 4)
  [✓] Case 9: nu(9) = 3  (expected 3)
  [✓] Case 10: nu(10) = 4  (expected 4)
  [✓] Case 11: nu(12) = 6  (expected 6)
  [✓] Case 12: nu(28) = 6  (expected 6)
  Result: 12/12 passed

────────────────────────────────────────────────────────────────────────────
TEST: is_prime (Primality Test)
────────────────────────────────────────────────────────────────────────────
  [✓] Case 1: is_prime(1) = False  (expected False)
  [✓] Case 2: is_prime(2) = True  (expected True)
  [✓] Case 3: is_prime(3) = True  (expected True)
  [✓] Case 4: is_prime(4) = False  (expected False)
  [✓] Case 5: is_prime(5) = True  (expected True)
  [✓] Case 6: is_prime(6) = False  (expected False)
  [✓] Case 7: is_prime(7) = True  (expected True)
  [✓] Case 8: is_prime(8) = False  (expected False)
  [✓] Case 9: is_prime(9) = False  (expected False)
  [✓] Case 10: is_prime(10) = False  (expected False)
  [✓] Case 11: is_prime(11) = True  (expected True)
  [✓] Case 12: is_prime(13) = True  (expected True)
  [✓] Case 13: is_prime(15) = False  (expected False)
  [✓] Case 14: is_prime(17) = True  (expected True)
  [✓] Case 15: is_prime(19) = True  (expected True)
  [✓] Case 16: is_prime(21) = False  (expected False)
  [✓] Case 17: is_prime(23) = True  (expected True)
  [✓] Case 18: is_prime(29) = True  (expected True)
  [✓] Case 19: is_prime(31) = True  (expected True)
  [✓] Case 20: is_prime(37) = True  (expected True)
  Result: 20/20 passed

────────────────────────────────────────────────────────────────────────────
TEST: P (Pythagorean Parameterization)
────────────────────────────────────────────────────────────────────────────
  [✓] Case 1: P(3) = (3, 4.0, 5.0)  (identity OK, expected (3, 4, 5))
  [✓] Case 2: P(5) = (5, 12.0, 13.0)  (identity OK, expected (5, 12, 13))
  [✓] Case 3: P(7) = (7, 24.0, 25.0)  (identity OK, expected (7, 24, 25))
  [✓] Case 4: P(9) = (9, 40.0, 41.0)  (identity OK, expected (9, 40, 41))
  [✓] Case 5: P(15) = (15, 112.0, 113.0)  (identity OK, expected (15, 112, 113))

  Complex Pythagorean identity tests:
  [✓] P((2.5+1j)): p1²+p2²-p3² = -0.000000+0.000000j
  [✓] P((4+2j)): p1²+p2²-p3² = 0.000000+0.000000j
  [✓] P((3-0.5j)): p1²+p2²-p3² = 0.000000+0.000000j
  [✓] P((7+3j)): p1²+p2²-p3² = 0.000000-0.000000j
  [✓] P((1.5+4j)): p1²+p2²-p3² = -0.000000+0.000000j
  Result: 10/10 passed

────────────────────────────────────────────────────────────────────────────
TEST: Array Encoding & Retrieval
────────────────────────────────────────────────────────────────────────────
  [✓] Array [56, 34, 12], d=2, N=123456 — all elements recovered
  [✓] Array [1, 2, 3, 4, 5], d=1, N=54321 — all elements recovered
  [✓] Array [72, 101, 108, 108, 111], d=3, N=111108108101072 — all elements recovered
  [✓] Array [100, 200, 300], d=3, N=300200100 — all elements recovered
  [✓] Array [42], d=2, N=42 — all elements recovered
  Result: 5/5 passed

────────────────────────────────────────────────────────────────────────────
TEST: Array Operations
────────────────────────────────────────────────────────────────────────────
  [✓] array_length(40302010, 2) = 4 (expected 4)
  [✓] array_update: A[1] = 99 (expected 99)
  [✓] array_append: A[4] = 50 (expected 50)
  [✓] array_concatenate: [10, 20, 30, 40] + [50, 60] — all elements correct
  [✓] array_subsequence(N, 1, 2, 2) = 3020 — [20, 30]
  Result: 5/5 passed

────────────────────────────────────────────────────────────────────────────
TEST: String Encoding
────────────────────────────────────────────────────────────────────────────
  [✓] 'Hello' → N=111108108101072 → 'Hello'
  [✓] 'Hi' → N=105072 → 'Hi'
  [✓] 'Cat' → N=116097067 → 'Cat'
  [✗] 'Test123' → N=51050049116115101084 → '?эst123' (MISMATCH)
    Note: Exceeds IEEE 754 precision limit (~15-16 digits)
  [✓] 'L' → N=76 → 'L'
  ℹ 'Test123' excluded: precision limit exceeded (20 digits)
  Result: 4/5 passed

============================================================================
FINAL SUMMARY
============================================================================
Total tests passed: 250
Total tests failed: 1
Total test groups: 25
Success rate: 99.6%

FAILURE BREAKDOWN:
  1. String Encoding - 'Test123': IEEE 754 precision limit (20 digits > 15-16 digit safe range)

KNOWN LIMITATIONS:
  - Numbers > 10^15 may experience precision loss
  - Complex domain behavior varies by computational system
  - Fixed perturbation ε = 10^-7 requires adaptive scaling for large |x|

RECOMMENDATIONS FOR PRODUCTION:
  - Use arbitrary-precision libraries (Python int, GMP, mpmath)
  - Validate results for edge cases near precision thresholds
  - Document system-specific complex number behavior

============================================================================
VERIFICATION COMPLETE
Generated: July 18, 2026
Repository: https://github.com/rakibulofficial1017/floor-function-paper
============================================================================
